<?xml version="1.0" encoding="UTF-8"?>
<!-- Generated by org.testng.reporters.JUnitReportReporter -->
<testsuite hostname="Sharad" failures="0" tests="8" name="pack123.TestNgTestClass1" time="124.233" errors="0" timestamp="2022-03-10T22:04:03 IST" skipped="0">
  <testcase classname="pack123.TestNgTestClass1" name="verifyOpenReportPage" time="14.334"/>
  <system-out/>
  <testcase classname="pack123.TestNgTestClass1" name="verifyTaskTab" time="14.414"/>
  <system-out/>
  <testcase classname="pack123.TestNgTestClass1" name="verifyTaskTab" time="14.218"/>
  <system-out/>
  <testcase classname="pack123.TestNgTestClass1" name="verifyOpenReportPage" time="19.508"/>
  <system-out/>
  <testcase classname="pack123.TestNgTestClass1" name="verifyWorkSchedualPage" time="15.144"/>
  <system-out/>
  <testcase classname="pack123.TestNgTestClass1" name="verifyUserPage" time="16.541"/>
  <system-out/>
  <testcase classname="pack123.TestNgTestClass1" name="verifyWorkSchedualPage" time="14.202"/>
  <system-out/>
  <testcase classname="pack123.TestNgTestClass1" name="verifyUserPage" time="15.872"/>
  <system-out/>
</testsuite> <!-- pack123.TestNgTestClass1 -->
