<?xml version="1.0" encoding="UTF-8"?>
<!-- Generated by org.testng.reporters.JUnitReportReporter -->
<testsuite hostname="Sharad" failures="0" tests="2" name="pack123.TestNgTestClass2" time="12.894" errors="0" timestamp="2022-03-10T21:04:48 IST" skipped="1">
  <testcase classname="pack123.TestNgTestClass2" name="userPageAction" time="12.894"/>
  <system-out/>
  <testcase classname="pack123.TestNgTestClass2" name="userPageAction" time="0.000">
    <skipped/>
  </testcase> <!-- userPageAction -->
  <system-out/>
</testsuite> <!-- pack123.TestNgTestClass2 -->
