<?xml version="1.0" encoding="UTF-8"?>
<!-- Generated by org.testng.reporters.JUnitReportReporter -->
<testsuite hostname="Sharad" failures="0" tests="1" name="pack123.TestNgTestClass2$TestNgTestClass1" time="15.926" errors="0" timestamp="2022-03-04T13:12:40 IST" skipped="0">
  <testcase classname="pack123.TestNgTestClass2$TestNgTestClass1" name="userPageAction" time="15.926"/>
  <system-out/>
</testsuite> <!-- pack123.TestNgTestClass2$TestNgTestClass1 -->
