<?xml version="1.0" encoding="UTF-8"?>
<!-- Generated by org.testng.reporters.JUnitReportReporter -->
<testsuite hostname="Sharad" failures="0" tests="4" name="pack123.TestNgActiTime" time="23.663" errors="0" timestamp="2022-03-04T11:35:17 IST" skipped="0">
  <testcase classname="pack123.TestNgActiTime" name="verifyTaskTab" time="5.530"/>
  <system-out/>
  <testcase classname="pack123.TestNgActiTime" name="verifyOpenReportPage" time="8.266"/>
  <system-out/>
  <testcase classname="pack123.TestNgActiTime" name="verifyWorkSchedualPage" time="3.908"/>
  <system-out/>
  <testcase classname="pack123.TestNgActiTime" name="verifyUserPage" time="5.959"/>
  <system-out/>
</testsuite> <!-- pack123.TestNgActiTime -->
